{"/home/trevor/dev/projects/orgs/subscribeto/ts-api-node/js/main.js": {"path":"/home/trevor/dev/projects/orgs/subscribeto/ts-api-node/js/main.js","statementMap":{"0":{"start":{"line":1,"column":13},"end":{"line":1,"column":68}},"1":{"start":{"line":1,"column":101},"end":{"line":1,"column":140}},"2":{"start":{"line":1,"column":141},"end":{"line":1,"column":226}},"3":{"start":{"line":1,"column":261},"end":{"line":1,"column":300}},"4":{"start":{"line":1,"column":301},"end":{"line":1,"column":360}}},"fnMap":{},"branchMap":{},"s":{"0":1,"1":1,"2":1,"3":1,"4":1},"f":{},"b":{},"_coverageSchema":"43e27e138ebf9cfc5966b082cf9a028302ed4184","hash":"deae82f523717d6b6537f0119c914d6ebabab7ec"}
,"/home/trevor/dev/projects/orgs/subscribeto/ts-api-node/js/s2-api-node-implementation.js": {"path":"/home/trevor/dev/projects/orgs/subscribeto/ts-api-node/js/s2-api-node-implementation.js","statementMap":{"0":{"start":{"line":1,"column":27},"end":{"line":1,"column":307}},"1":{"start":{"line":1,"column":67},"end":{"line":1,"column":306}},"2":{"start":{"line":1,"column":122},"end":{"line":1,"column":153}},"3":{"start":{"line":1,"column":126},"end":{"line":1,"column":138}},"4":{"start":{"line":1,"column":148},"end":{"line":1,"column":152}},"5":{"start":{"line":1,"column":168},"end":{"line":1,"column":200}},"6":{"start":{"line":1,"column":172},"end":{"line":1,"column":185}},"7":{"start":{"line":1,"column":195},"end":{"line":1,"column":199}},"8":{"start":{"line":1,"column":215},"end":{"line":1,"column":273}},"9":{"start":{"line":1,"column":251},"end":{"line":1,"column":261}},"10":{"start":{"line":1,"column":274},"end":{"line":1,"column":304}},"11":{"start":{"line":1,"column":324},"end":{"line":1,"column":401}},"12":{"start":{"line":1,"column":364},"end":{"line":1,"column":400}},"13":{"start":{"line":1,"column":402},"end":{"line":1,"column":457}},"14":{"start":{"line":1,"column":472},"end":{"line":1,"column":502}},"15":{"start":{"line":1,"column":513},"end":{"line":1,"column":548}},"16":{"start":{"line":1,"column":615},"end":{"line":1,"column":924}},"17":{"start":{"line":1,"column":666},"end":{"line":1,"column":923}},"18":{"start":{"line":1,"column":707},"end":{"line":1,"column":921}},"19":{"start":{"line":1,"column":740},"end":{"line":1,"column":756}},"20":{"start":{"line":1,"column":757},"end":{"line":1,"column":919}},"21":{"start":{"line":1,"column":872},"end":{"line":1,"column":917}},"22":{"start":{"line":1,"column":926},"end":{"line":1,"column":982}}},"fnMap":{"0":{"name":"(anonymous_0)","decl":{"start":{"line":1,"column":49},"end":{"line":1,"column":50}},"loc":{"start":{"line":1,"column":66},"end":{"line":1,"column":307}},"line":1},"1":{"name":"(anonymous_1)","decl":{"start":{"line":1,"column":94},"end":{"line":1,"column":95}},"loc":{"start":{"line":1,"column":107},"end":{"line":1,"column":305}},"line":1},"2":{"name":"s","decl":{"start":{"line":1,"column":117},"end":{"line":1,"column":118}},"loc":{"start":{"line":1,"column":121},"end":{"line":1,"column":154}},"line":1},"3":{"name":"a","decl":{"start":{"line":1,"column":163},"end":{"line":1,"column":164}},"loc":{"start":{"line":1,"column":167},"end":{"line":1,"column":201}},"line":1},"4":{"name":"u","decl":{"start":{"line":1,"column":210},"end":{"line":1,"column":211}},"loc":{"start":{"line":1,"column":214},"end":{"line":1,"column":274}},"line":1},"5":{"name":"(anonymous_5)","decl":{"start":{"line":1,"column":239},"end":{"line":1,"column":240}},"loc":{"start":{"line":1,"column":250},"end":{"line":1,"column":262}},"line":1},"6":{"name":"(anonymous_6)","decl":{"start":{"line":1,"column":352},"end":{"line":1,"column":353}},"loc":{"start":{"line":1,"column":363},"end":{"line":1,"column":401}},"line":1},"7":{"name":"(anonymous_7)","decl":{"start":{"line":1,"column":602},"end":{"line":1,"column":603}},"loc":{"start":{"line":1,"column":614},"end":{"line":1,"column":925}},"line":1},"8":{"name":"(anonymous_8)","decl":{"start":{"line":1,"column":655},"end":{"line":1,"column":656}},"loc":{"start":{"line":1,"column":666},"end":{"line":1,"column":923}},"line":1},"9":{"name":"(anonymous_9)","decl":{"start":{"line":1,"column":695},"end":{"line":1,"column":696}},"loc":{"start":{"line":1,"column":706},"end":{"line":1,"column":922}},"line":1},"10":{"name":"(anonymous_10)","decl":{"start":{"line":1,"column":726},"end":{"line":1,"column":727}},"loc":{"start":{"line":1,"column":733},"end":{"line":1,"column":920}},"line":1},"11":{"name":"(anonymous_11)","decl":{"start":{"line":1,"column":862},"end":{"line":1,"column":863}},"loc":{"start":{"line":1,"column":871},"end":{"line":1,"column":918}},"line":1}},"branchMap":{"0":{"loc":{"start":{"line":1,"column":27},"end":{"line":1,"column":307}},"type":"binary-expr","locations":[{"start":{"line":1,"column":27},"end":{"line":1,"column":31}},{"start":{"line":1,"column":33},"end":{"line":1,"column":47}},{"start":{"line":1,"column":49},"end":{"line":1,"column":307}}],"line":1},"1":{"loc":{"start":{"line":1,"column":78},"end":{"line":1,"column":92}},"type":"binary-expr","locations":[{"start":{"line":1,"column":78},"end":{"line":1,"column":79}},{"start":{"line":1,"column":82},"end":{"line":1,"column":91}}],"line":1},"2":{"loc":{"start":{"line":1,"column":215},"end":{"line":1,"column":273}},"type":"cond-expr","locations":[{"start":{"line":1,"column":222},"end":{"line":1,"column":232}},{"start":{"line":1,"column":233},"end":{"line":1,"column":273}}],"line":1},"3":{"loc":{"start":{"line":1,"column":289},"end":{"line":1,"column":294}},"type":"binary-expr","locations":[{"start":{"line":1,"column":289},"end":{"line":1,"column":290}},{"start":{"line":1,"column":292},"end":{"line":1,"column":294}}],"line":1},"4":{"loc":{"start":{"line":1,"column":324},"end":{"line":1,"column":401}},"type":"binary-expr","locations":[{"start":{"line":1,"column":324},"end":{"line":1,"column":328}},{"start":{"line":1,"column":330},"end":{"line":1,"column":350}},{"start":{"line":1,"column":352},"end":{"line":1,"column":401}}],"line":1},"5":{"loc":{"start":{"line":1,"column":371},"end":{"line":1,"column":400}},"type":"cond-expr","locations":[{"start":{"line":1,"column":387},"end":{"line":1,"column":388}},{"start":{"line":1,"column":389},"end":{"line":1,"column":400}}],"line":1},"6":{"loc":{"start":{"line":1,"column":371},"end":{"line":1,"column":386}},"type":"binary-expr","locations":[{"start":{"line":1,"column":371},"end":{"line":1,"column":372}},{"start":{"line":1,"column":374},"end":{"line":1,"column":386}}],"line":1},"7":{"loc":{"start":{"line":1,"column":757},"end":{"line":1,"column":789}},"type":"binary-expr","locations":[{"start":{"line":1,"column":757},"end":{"line":1,"column":767}},{"start":{"line":1,"column":770},"end":{"line":1,"column":788}}],"line":1},"8":{"loc":{"start":{"line":1,"column":790},"end":{"line":1,"column":841}},"type":"binary-expr","locations":[{"start":{"line":1,"column":790},"end":{"line":1,"column":800}},{"start":{"line":1,"column":803},"end":{"line":1,"column":840}}],"line":1}},"s":{"0":1,"1":1,"2":0,"3":0,"4":0,"5":0,"6":0,"7":0,"8":1,"9":0,"10":1,"11":1,"12":1,"13":1,"14":1,"15":1,"16":1,"17":1,"18":1,"19":1,"20":1,"21":1,"22":1},"f":{"0":1,"1":1,"2":0,"3":0,"4":1,"5":0,"6":1,"7":1,"8":1,"9":1,"10":1,"11":1},"b":{"0":[1,1,1],"1":[1,1],"2":[1,0],"3":[1,1],"4":[1,1,1],"5":[0,1],"6":[1,1],"7":[1,1],"8":[1,0]},"_coverageSchema":"43e27e138ebf9cfc5966b082cf9a028302ed4184","hash":"c41cfcba0ad692914abf4afe0c018e5b9ffe8690"}
}
