TN:
SF:/home/trevor/dev/projects/orgs/subscribeto/ts-api-node/js/main.js
FNF:0
FNH:0
DA:1,1
LF:1
LH:1
BRF:0
BRH:0
end_of_record
TN:
SF:/home/trevor/dev/projects/orgs/subscribeto/ts-api-node/js/s2-api-node-implementation.js
FN:1,(anonymous_0)
FN:1,(anonymous_1)
FN:1,s
FN:1,a
FN:1,u
FN:1,(anonymous_5)
FN:1,(anonymous_6)
FN:1,(anonymous_7)
FN:1,(anonymous_8)
FN:1,(anonymous_9)
FN:1,(anonymous_10)
FN:1,(anonymous_11)
FNF:12
FNH:9
FNDA:1,(anonymous_0)
FNDA:1,(anonymous_1)
FNDA:0,s
FNDA:0,a
FNDA:1,u
FNDA:0,(anonymous_5)
FNDA:1,(anonymous_6)
FNDA:1,(anonymous_7)
FNDA:1,(anonymous_8)
FNDA:1,(anonymous_9)
FNDA:1,(anonymous_10)
FNDA:1,(anonymous_11)
DA:1,1
LF:1
LH:1
BRDA:1,0,0,1
BRDA:1,0,1,1
BRDA:1,0,2,1
BRDA:1,1,0,1
BRDA:1,1,1,1
BRDA:1,2,0,1
BRDA:1,2,1,0
BRDA:1,3,0,1
BRDA:1,3,1,1
BRDA:1,4,0,1
BRDA:1,4,1,1
BRDA:1,4,2,1
BRDA:1,5,0,0
BRDA:1,5,1,1
BRDA:1,6,0,1
BRDA:1,6,1,1
BRDA:1,7,0,1
BRDA:1,7,1,1
BRDA:1,8,0,1
BRDA:1,8,1,0
BRF:20
BRH:17
end_of_record
